<?xml version="1.0" encoding="UTF-8"?>
<!-- Generated by org.testng.reporters.JUnitXMLReporter -->
<testsuite hostname="DESKTOP-C100NKG" ignored="0" name="Run on chrome" tests="5" failures="1" timestamp="28 Jul 2021 16:40:37 GMT" time="15.226" errors="0">
  <testcase name="User_01_Register_To_System" time="3.741" classname="com.nopcommerce.user.Level_14_Login_Page_Allure_Report"/>
  <testcase name="User_02_Login_To_System" time="1.74" classname="com.nopcommerce.user.Level_14_Login_Page_Allure_Report">
    <failure type="java.lang.AssertionError" message="expected [false] but found [true]">
      <![CDATA[java.lang.AssertionError: expected [false] but found [true]
at com.nopcommerce.user.Level_14_Login_Page_Allure_Report.User_02_Login_To_System(Level_14_Login_Page_Allure_Report.java:76)
... Removed 28 stack frames]]>
    </failure>
  </testcase> <!-- User_02_Login_To_System -->
  <testcase name="User_03_Customer_Info_Page" time="0.744" classname="com.nopcommerce.user.Level_14_Login_Page_Allure_Report"/>
  <testcase name="User_04_Dynamic_Page_Locator" time="1.723" classname="com.nopcommerce.user.Level_14_Login_Page_Allure_Report"/>
  <testcase name="User_05_Dynamic_More_Page_Locator" time="1.511" classname="com.nopcommerce.user.Level_14_Login_Page_Allure_Report"/>
</testsuite> <!-- Run on chrome -->
