<?xml version="1.0" encoding="UTF-8"?>
<testng-results skipped="0" failed="0" ignored="0" total="1" passed="1">
  <reporter-output>
    <line>
      <![CDATA[[INFO ] [2021-06-30 23:07:26,570] Register - Step 1: Click on Register link
]]>
    </line>
    <line>
      <![CDATA[[INFO ] [2021-06-30 23:07:29,367] Register - Step 2: Input to first name with value: first name
]]>
    </line>
    <line>
      <![CDATA[[INFO ] [2021-06-30 23:07:30,079] Register - Step 3: Input to last name with value: last name
]]>
    </line>
    <line>
      <![CDATA[[INFO ] [2021-06-30 23:07:30,505] Register - Step 4: Input to email with value: test43493@mailnesia.com
]]>
    </line>
    <line>
      <![CDATA[[INFO ] [2021-06-30 23:07:30,987] Register - Step 5: Input to passWord with value: test1234
]]>
    </line>
    <line>
      <![CDATA[[INFO ] [2021-06-30 23:07:31,255] Register - Step 6: Input to comfirm passWord with value: test1234
]]>
    </line>
    <line>
      <![CDATA[[INFO ] [2021-06-30 23:07:31,518] Register - Step 7: Click on Register button
]]>
    </line>
    <line>
      <![CDATA[[INFO ] [2021-06-30 23:07:34,617] Register - Step 8: Verify success message display
]]>
    </line>
    <line>
      <![CDATA[[INFO ] [2021-06-30 23:07:34,736] Register - Step 7: Click on logout link
]]>
    </line>
  </reporter-output>
  <suite name="Default suite" duration-ms="24767" started-at="2021-06-30T16:07:11Z" finished-at="2021-06-30T16:07:36Z">
    <groups>
    </groups>
    <test name="Default test" duration-ms="24767" started-at="2021-06-30T16:07:11Z" finished-at="2021-06-30T16:07:36Z">
      <class name="com.nopcommerce.user.Level_13_Login_Page_Log_Report_HTML">
        <test-method status="PASS" signature="beforeClass()[pri:0, instance:com.nopcommerce.user.Level_13_Login_Page_Log_Report_HTML@27e199ce]" name="beforeClass" is-config="true" duration-ms="14573" started-at="2021-06-30T16:07:11Z" finished-at="2021-06-30T16:07:26Z">
          <reporter-output>
          </reporter-output>
        </test-method> <!-- beforeClass -->
        <test-method status="PASS" signature="User_01_Register_To_System()[pri:0, instance:com.nopcommerce.user.Level_13_Login_Page_Log_Report_HTML@27e199ce]" name="User_01_Register_To_System" duration-ms="10069" started-at="2021-06-30T16:07:26Z" finished-at="2021-06-30T16:07:36Z">
          <reporter-output>
            <line>
              <![CDATA[[INFO ] [2021-06-30 23:07:26,570] Register - Step 1: Click on Register link
]]>
            </line>
            <line>
              <![CDATA[[INFO ] [2021-06-30 23:07:29,367] Register - Step 2: Input to first name with value: first name
]]>
            </line>
            <line>
              <![CDATA[[INFO ] [2021-06-30 23:07:30,079] Register - Step 3: Input to last name with value: last name
]]>
            </line>
            <line>
              <![CDATA[[INFO ] [2021-06-30 23:07:30,505] Register - Step 4: Input to email with value: test43493@mailnesia.com
]]>
            </line>
            <line>
              <![CDATA[[INFO ] [2021-06-30 23:07:30,987] Register - Step 5: Input to passWord with value: test1234
]]>
            </line>
            <line>
              <![CDATA[[INFO ] [2021-06-30 23:07:31,255] Register - Step 6: Input to comfirm passWord with value: test1234
]]>
            </line>
            <line>
              <![CDATA[[INFO ] [2021-06-30 23:07:31,518] Register - Step 7: Click on Register button
]]>
            </line>
            <line>
              <![CDATA[[INFO ] [2021-06-30 23:07:34,617] Register - Step 8: Verify success message display
]]>
            </line>
            <line>
              <![CDATA[[INFO ] [2021-06-30 23:07:34,736] Register - Step 7: Click on logout link
]]>
            </line>
          </reporter-output>
        </test-method> <!-- User_01_Register_To_System -->
      </class> <!-- com.nopcommerce.user.Level_13_Login_Page_Log_Report_HTML -->
    </test> <!-- Default test -->
  </suite> <!-- Default suite -->
</testng-results>
